<?xml version="1.0" encoding="UTF-8"?>
<!-- Generated by org.testng.reporters.JUnitReportReporter -->
<testsuite hostname="JARVIS" failures="0" tests="1" name="framework.RunParameter" time="10.554" errors="0" timestamp="2022-10-11T19:09:43 IST" skipped="0">
  <testcase classname="framework.RunParameter" name="method" time="10.554"/>
  <system-out/>
</testsuite> <!-- framework.RunParameter -->
