<?xml version="1.0" encoding="UTF-8"?>
<!-- Generated by org.testng.reporters.JUnitReportReporter -->
<testsuite hostname="JARVIS" failures="0" tests="1" name="framework.DemoTest" time="0.011" errors="0" timestamp="2022-10-10T16:18:43 IST" skipped="0">
  <testcase classname="framework.DemoTest" name="method" time="0.011"/>
  <system-out/>
</testsuite> <!-- framework.DemoTest -->
