<?xml version="1.0" encoding="UTF-8"?>
<!-- Generated by org.testng.reporters.JUnitReportReporter -->
<testsuite hostname="JARVIS" failures="0" tests="6" name="practice.SampleTestNg" time="0.015" errors="0" timestamp="2022-10-06T11:22:45 IST" skipped="0">
  <testcase classname="practice.SampleTestNg" name="creaecustomer" time="0.001"/>
  <system-out/>
  <testcase classname="practice.SampleTestNg" name="CustomerName" time="0.010"/>
  <system-out/>
  <testcase classname="practice.SampleTestNg" name="creaecustomer" time="0.001"/>
  <system-out/>
  <testcase classname="practice.SampleTestNg" name="creaecustomer" time="0.001"/>
  <system-out/>
  <testcase classname="practice.SampleTestNg" name="deleteCstomer" time="0.001"/>
  <system-out/>
  <testcase classname="practice.SampleTestNg" name="modifycustomer" time="0.001"/>
  <system-out/>
</testsuite> <!-- practice.SampleTestNg -->
